
== Environment snapshot ==
PWD: /workspaces/moew24
Date UTC: Thu Sep 11 07:51:51 UTC 2025
Node: v22.17.0
npm:  9.8.1
pnpm: 10.13.1
yarn: 1.22.22
git:  git version 2.50.1

== CRLF → LF audit ==

== Shebang (+x) audit in scripts/ ==
Would chmod +x (add --fix-exec): scripts/seo/report.mjs
Would chmod +x (add --fix-exec): scripts/astro-adapter-fix.sh

== Git LF policy (.gitattributes) ==
Would write LF policy (add --fix-git): /workspaces/moew24/.gitattributes

== Package manager hygiene (npm-first) ==
onendone-unified@ /workspaces/moew24
├── @astrojs/netlify@6.5.10
├── @astrojs/rss@4.0.12
├── @emnapi/runtime@1.5.0 extraneous
├── @playwright/test@1.55.0
├── @tailwindcss/postcss@4.1.13
├── @tailwindcss/vite@4.1.13
├── @types/node@20.19.13
├── astro@5.13.7
├── happy-dom@14.12.3
├── jsdom@24.1.3
├── postcss@8.5.6
├── tailwindcss@4.1.13
├── typescript@5.9.2
└── zod@3.25.76


== Tailwind v4 / PostCSS double-processing audit ==
tailwindcss version: 4.1.13
postcss config files: postcss.config.cjs
@tailwindcss/vite present: 0

== Build + Local Trace ==
Skipping build (add --build or --fix-all).

== Output verification (dist/, Netlify SSR) ==
dist/ exists:
total 36
drwxrwxrwx+  6 codespace codespace 4096 Sep 11 07:50 .
drwxrwxrwx+ 18 codespace root      4096 Sep 11 07:51 ..
drwxrwxrwx+  2 codespace codespace 4096 Sep 11 07:50 _astro
-rw-rw-rw-   1 codespace codespace  175 Sep 11 07:50 _headers
drwxrwxrwx+  3 codespace codespace 4096 Sep 11 07:50 blog
-rw-rw-rw-   1 codespace codespace  213 Sep 11 07:50 rss.xml
drwxrwxrwx+  5 codespace codespace 4096 Sep 11 07:50 services
-rw-rw-rw-   1 codespace codespace  987 Sep 11 07:50 sitemap.xml
drwxrwxrwx+  6 codespace codespace 4096 Sep 11 07:50 suburbs
.netlify/build missing (adapter may be absent or SSG-only build).

== Summary ==
Log:        /workspaces/moew24/.debug-exit1/fix-20250911-075151/troubleshoot.log
Actions:
